#
# A fatal error has been detected by the Java Runtime Environment:
#
#  EXCEPTION_ACCESS_VIOLATION (0xc0000005) at pc=0x000000005323eaff, pid=4628, tid=8228
#
# JRE version: Java(TM) SE Runtime Environment (8.0_25-b18) (build 1.8.0_25-b18)
# Java VM: Java HotSpot(TM) 64-Bit Server VM (25.25-b02 mixed mode windows-amd64 compressed oops)
# Problematic frame:
# C  [nvoglv64.DLL+0xaaeaff]
#
# Failed to write core dump. Minidumps are not enabled by default on client versions of Windows
#
# If you would like to submit a bug report, please visit:
#   http://bugreport.sun.com/bugreport/crash.jsp
# The crash happened outside the Java Virtual Machine in native code.
# See problematic frame for where to report the bug.
#

---------------  T H R E A D  ---------------

Current thread (0x0000000001e5e800):  JavaThread "main" [_thread_in_native, id=8228, stack(0x0000000001e60000,0x0000000001f60000)]

siginfo: ExceptionCode=0xc0000005, reading address 0x0000000000000000

Registers:
RAX=0x0000000019a545b8, RBX=0x0000000000000b40, RCX=0x0000000019a00000, RDX=0x0000000000000000
RSP=0x0000000001f5dfe0, RBP=0x0000000019a00000, RSI=0x0000000000000b40, RDI=0x0000000000000000
R8 =0x00000000ffffffff, R9 =0x0000000000000b40, R10=0x0000000000000000, R11=0x0000000001f5e040
R12=0x0000000000000000, R13=0x0000000000000004, R14=0x0000000000000010, R15=0x0000000000000000
RIP=0x000000005323eaff, EFLAGS=0x0000000000010246

Top of Stack: (sp=0x0000000001f5dfe0)
0x0000000001f5dfe0:   0000000000000001 0000000019b48970
0x0000000001f5dff0:   0000000000004000 00000000005edbd0
0x0000000001f5e000:   000000001a29d720 00000000532d40e5
0x0000000001f5e010:   0000000000000b40 0000000000001405
0x0000000001f5e020:   00000000ffffffff 0000000019a00000
0x0000000001f5e030:   0000000000001405 0000000000000000
0x0000000001f5e040:   0000000001f5e0a0 0000000001f5e050
0x0000000001f5e050:   0000000019a545b8 0000000019a545b8
0x0000000001f5e060:   0000000019a00000 000000001a29d720
0x0000000001f5e070:   0000000001f5e1d8 00000000169abff0
0x0000000001f5e080:   0000000000000000 0000000000001405
0x0000000001f5e090:   0000000000000004 0000000052f25e37
0x0000000001f5e0a0:   0000000000000004 0000000019a00000
0x0000000001f5e0b0:   0000000000000000 0000000001e5e800
0x0000000001f5e0c0:   0000000000000b40 0000000000001405
0x0000000001f5e0d0:   0000000000000000 0000000000000108 

Instructions: (pc=0x000000005323eaff)
0x000000005323eadf:   b8 00 00 00 48 03 fa eb 17 83 b8 00 06 00 00 00
0x000000005323eaef:   74 0e 48 8b 80 70 0a 00 00 48 03 b8 b8 00 00 00
0x000000005323eaff:   44 8b 07 41 ba 01 00 00 00 4c 8b df 48 83 c7 04
0x000000005323eb0f:   41 8b d0 45 3b f2 7e 37 41 8d 46 ff 44 8b c8 44 


Register to memory mapping:

RAX=0x0000000019a545b8 is an unknown value
RBX=0x0000000000000b40 is an unknown value
RCX=0x0000000019a00000 is an unknown value
RDX=0x0000000000000000 is an unknown value
RSP=0x0000000001f5dfe0 is pointing into the stack for thread: 0x0000000001e5e800
RBP=0x0000000019a00000 is an unknown value
RSI=0x0000000000000b40 is an unknown value
RDI=0x0000000000000000 is an unknown value
R8 =0x00000000ffffffff is an unallocated location in the heap
R9 =0x0000000000000b40 is an unknown value
R10=0x0000000000000000 is an unknown value
R11=0x0000000001f5e040 is pointing into the stack for thread: 0x0000000001e5e800
R12=0x0000000000000000 is an unknown value
R13=0x0000000000000004 is an unknown value
R14=0x0000000000000010 is an unknown value
R15=0x0000000000000000 is an unknown value


Stack: [0x0000000001e60000,0x0000000001f60000],  sp=0x0000000001f5dfe0,  free space=1015k
Native frames: (J=compiled Java code, j=interpreted, Vv=VM code, C=native code)
C  [nvoglv64.DLL+0xaaeaff]
C  [nvoglv64.DLL+0xb440e5]
C  [nvoglv64.DLL+0x795e37]
C  0x00000000020e5534

Java frames: (J=compiled Java code, j=interpreted, Vv=VM code)
j  org.lwjgl.opengl.GL11.nglDrawElements(IIIJJ)V+0
j  org.lwjgl.opengl.GL11.nglDrawElements(IIIJ)V+26
j  org.lwjgl.opengl.GL11.glDrawElements(IIIJ)V+17
j  com.theodore.aero.resources.MeshResource.draw(I)V+25
j  com.theodore.aero.graphics.mesh.Mesh.draw(I)V+5
j  com.theodore.aero.graphics.sky.SkyAtmosphere.render(Lcom/theodore/aero/graphics/Graphics;)V+120
j  com.theodore.aero.components.SkyComponent.renderBasic(Lcom/theodore/aero/graphics/shaders/Shader;Lcom/theodore/aero/graphics/Graphics;)V+11
j  com.theodore.aero.core.GameObject.renderBasic(Lcom/theodore/aero/graphics/shaders/Shader;Lcom/theodore/aero/graphics/Graphics;)V+32
j  com.theodore.aero.core.GameObject.renderAllBasic(Lcom/theodore/aero/graphics/shaders/Shader;Lcom/theodore/aero/graphics/Graphics;)V+3
j  com.theodore.aero.core.GameObject.renderAllBasic(Lcom/theodore/aero/graphics/shaders/Shader;Lcom/theodore/aero/graphics/Graphics;)V+38
j  com.theodore.aero.graphics.Graphics.forwardRenderingPass(Lcom/theodore/aero/core/GameObject;)V+78
j  com.theodore.aero.graphics.Graphics.fullRender(Lcom/theodore/aero/core/GameObject;)V+46
j  com.theodore.aero.graphics.Screen.render(Lcom/theodore/aero/graphics/Graphics;)V+5
j  com.theodore.tests.RenderTest.render(Lcom/theodore/aero/graphics/Graphics;)V+2
j  com.theodore.aero.core.Aero.run()V+224
j  com.theodore.aero.core.Aero.start(Lcom/theodore/aero/graphics/Screen;)V+25
j  com.theodore.tests.Main.main([Ljava/lang/String;)V+29
v  ~StubRoutines::call_stub
j  sun.reflect.NativeMethodAccessorImpl.invoke0(Ljava/lang/reflect/Method;Ljava/lang/Object;[Ljava/lang/Object;)Ljava/lang/Object;+0
j  sun.reflect.NativeMethodAccessorImpl.invoke(Ljava/lang/Object;[Ljava/lang/Object;)Ljava/lang/Object;+100
j  sun.reflect.DelegatingMethodAccessorImpl.invoke(Ljava/lang/Object;[Ljava/lang/Object;)Ljava/lang/Object;+6
j  java.lang.reflect.Method.invoke(Ljava/lang/Object;[Ljava/lang/Object;)Ljava/lang/Object;+56
j  com.intellij.rt.execution.application.AppMain.main([Ljava/lang/String;)V+163
v  ~StubRoutines::call_stub

---------------  P R O C E S S  ---------------

Java Threads: ( => current thread )
  0x000000001c223000 JavaThread "Java2D Disposer" daemon [_thread_blocked, id=2116, stack(0x000000001cad0000,0x000000001cbd0000)]
  0x0000000018df2800 JavaThread "Monitor Ctrl-Break" daemon [_thread_in_native, id=3816, stack(0x0000000019400000,0x0000000019500000)]
  0x0000000018cf5000 JavaThread "Service Thread" daemon [_thread_blocked, id=2316, stack(0x0000000019180000,0x0000000019280000)]
  0x0000000018c83800 JavaThread "C1 CompilerThread2" daemon [_thread_blocked, id=10052, stack(0x0000000019080000,0x0000000019180000)]
  0x0000000016f07000 JavaThread "C2 CompilerThread1" daemon [_thread_blocked, id=5492, stack(0x0000000018b80000,0x0000000018c80000)]
  0x0000000016f02800 JavaThread "C2 CompilerThread0" daemon [_thread_in_native, id=5608, stack(0x0000000018a80000,0x0000000018b80000)]
  0x0000000016efe800 JavaThread "Attach Listener" daemon [_thread_blocked, id=9708, stack(0x0000000018980000,0x0000000018a80000)]
  0x0000000016efd800 JavaThread "Signal Dispatcher" daemon [_thread_blocked, id=7704, stack(0x0000000018880000,0x0000000018980000)]
  0x00000000020c7000 JavaThread "Finalizer" daemon [_thread_blocked, id=2032, stack(0x0000000018780000,0x0000000018880000)]
  0x00000000020bf000 JavaThread "Reference Handler" daemon [_thread_blocked, id=9656, stack(0x0000000018680000,0x0000000018780000)]
=>0x0000000001e5e800 JavaThread "main" [_thread_in_native, id=8228, stack(0x0000000001e60000,0x0000000001f60000)]

Other Threads:
  0x0000000016ec6800 VMThread [stack: 0x0000000018580000,0x0000000018680000] [id=2132]
  0x0000000018cf6800 WatcherThread [stack: 0x0000000019280000,0x0000000019380000] [id=7308]

VM state:not at safepoint (normal execution)

VM Mutex/Monitor currently owned by a thread: None

Heap:
 PSYoungGen      total 38400K, used 29486K [0x00000000d5700000, 0x00000000db300000, 0x0000000100000000)
  eden space 33280K, 73% used [0x00000000d5700000,0x00000000d6ed21e0,0x00000000d7780000)
  from space 5120K, 99% used [0x00000000d7780000,0x00000000d7c79788,0x00000000d7c80000)
  to   space 13824K, 0% used [0x00000000da580000,0x00000000da580000,0x00000000db300000)
 ParOldGen       total 87552K, used 12207K [0x0000000080400000, 0x0000000085980000, 0x00000000d5700000)
  object space 87552K, 13% used [0x0000000080400000,0x0000000080febd10,0x0000000085980000)
 Metaspace       used 9832K, capacity 9992K, committed 10112K, reserved 1058816K
  class space    used 841K, capacity 890K, committed 896K, reserved 1048576K

Card table byte_map: [0x0000000011490000,0x0000000011890000] byte_map_base: 0x000000001108e000

Marking Bits: (ParMarkBitMap*) 0x0000000054efd490
 Begin Bits: [0x0000000012140000, 0x0000000014130000)
 End Bits:   [0x0000000014130000, 0x0000000016120000)

Polling page: 0x0000000000580000

CodeCache: size=245760Kb used=3776Kb max_used=3779Kb free=241983Kb
 bounds [0x00000000020d0000, 0x0000000002490000, 0x00000000110d0000]
 total_blobs=1482 nmethods=882 adapters=515
 compilation: enabled

Compilation events (10 events):
Event: 3.260 Thread 0x0000000018c83800  879  s    1       java.lang.StringBuffer::length (5 bytes)
Event: 3.260 Thread 0x0000000018c83800 nmethod 879 0x000000000247e410 code [0x000000000247e560, 0x000000000247e7d0]
Event: 3.260 Thread 0x0000000018c83800  880       3       java.util.HashMap$HashIterator::nextNode (100 bytes)
Event: 3.261 Thread 0x0000000018c83800 nmethod 880 0x000000000247dbd0 code [0x000000000247dd80, 0x000000000247e218]
Event: 3.261 Thread 0x0000000018c83800  881       3       java.util.ArrayList$Itr::next (66 bytes)
Event: 3.261 Thread 0x0000000018c83800 nmethod 881 0x0000000002482a90 code [0x0000000002482c40, 0x00000000024830e8]
Event: 3.261 Thread 0x0000000018c83800  882       3       java.util.ArrayList$Itr::checkForComodification (23 bytes)
Event: 3.261 Thread 0x0000000018c83800 nmethod 882 0x000000000247d750 code [0x000000000247d8c0, 0x000000000247dae8]
Event: 3.262 Thread 0x0000000018c83800  883       3       com.theodore.aero.math.Matrix4::get (9 bytes)
Event: 3.262 Thread 0x0000000018c83800 nmethod 883 0x0000000002482650 code [0x00000000024827c0, 0x0000000002482950]

GC Heap History (10 events):
Event: 1.257 GC heap before
{Heap before GC invocations=1 (full 0):
 PSYoungGen      total 38400K, used 32148K [0x00000000d5700000, 0x00000000d8180000, 0x0000000100000000)
  eden space 33280K, 96% used [0x00000000d5700000,0x00000000d7665158,0x00000000d7780000)
  from space 5120K, 0% used [0x00000000d7c80000,0x00000000d7c80000,0x00000000d8180000)
  to   space 5120K, 0% used [0x00000000d7780000,0x00000000d7780000,0x00000000d7c80000)
 ParOldGen       total 87552K, used 0K [0x0000000080400000, 0x0000000085980000, 0x00000000d5700000)
  object space 87552K, 0% used [0x0000000080400000,0x0000000080400000,0x0000000085980000)
 Metaspace       used 9580K, capacity 9768K, committed 10112K, reserved 1058816K
  class space    used 823K, capacity 858K, committed 896K, reserved 1048576K
Event: 1.264 GC heap after
Heap after GC invocations=1 (full 0):
 PSYoungGen      total 38400K, used 3934K [0x00000000d5700000, 0x00000000d8180000, 0x0000000100000000)
  eden space 33280K, 0% used [0x00000000d5700000,0x00000000d5700000,0x00000000d7780000)
  from space 5120K, 76% used [0x00000000d7780000,0x00000000d7b57b70,0x00000000d7c80000)
  to   space 5120K, 0% used [0x00000000d7c80000,0x00000000d7c80000,0x00000000d8180000)
 ParOldGen       total 87552K, used 16K [0x0000000080400000, 0x0000000085980000, 0x00000000d5700000)
  object space 87552K, 0% used [0x0000000080400000,0x0000000080404000,0x0000000085980000)
 Metaspace       used 9580K, capacity 9768K, committed 10112K, reserved 1058816K
  class space    used 823K, capacity 858K, committed 896K, reserved 1048576K
}
Event: 1.835 GC heap before
{Heap before GC invocations=2 (full 0):
 PSYoungGen      total 38400K, used 35336K [0x00000000d5700000, 0x00000000d8180000, 0x0000000100000000)
  eden space 33280K, 94% used [0x00000000d5700000,0x00000000d75aa6e0,0x00000000d7780000)
  from space 5120K, 76% used [0x00000000d7780000,0x00000000d7b57b70,0x00000000d7c80000)
  to   space 5120K, 0% used [0x00000000d7c80000,0x00000000d7c80000,0x00000000d8180000)
 ParOldGen       total 87552K, used 16K [0x0000000080400000, 0x0000000085980000, 0x00000000d5700000)
  object space 87552K, 0% used [0x0000000080400000,0x0000000080404000,0x0000000085980000)
 Metaspace       used 9590K, capacity 9768K, committed 10112K, reserved 1058816K
  class space    used 823K, capacity 858K, committed 896K, reserved 1048576K
Event: 1.839 GC heap after
Heap after GC invocations=2 (full 0):
 PSYoungGen      total 38400K, used 1632K [0x00000000d5700000, 0x00000000d8180000, 0x0000000100000000)
  eden space 33280K, 0% used [0x00000000d5700000,0x00000000d5700000,0x00000000d7780000)
  from space 5120K, 31% used [0x00000000d7c80000,0x00000000d7e18000,0x00000000d8180000)
  to   space 5120K, 0% used [0x00000000d7780000,0x00000000d7780000,0x00000000d7c80000)
 ParOldGen       total 87552K, used 24K [0x0000000080400000, 0x0000000085980000, 0x00000000d5700000)
  object space 87552K, 0% used [0x0000000080400000,0x0000000080406000,0x0000000085980000)
 Metaspace       used 9590K, capacity 9768K, committed 10112K, reserved 1058816K
  class space    used 823K, capacity 858K, committed 896K, reserved 1048576K
}
Event: 2.282 GC heap before
{Heap before GC invocations=3 (full 0):
 PSYoungGen      total 38400K, used 32835K [0x00000000d5700000, 0x00000000d8180000, 0x0000000100000000)
  eden space 33280K, 93% used [0x00000000d5700000,0x00000000d7578e48,0x00000000d7780000)
  from space 5120K, 31% used [0x00000000d7c80000,0x00000000d7e18000,0x00000000d8180000)
  to   space 5120K, 0% used [0x00000000d7780000,0x00000000d7780000,0x00000000d7c80000)
 ParOldGen       total 87552K, used 24K [0x0000000080400000, 0x0000000085980000, 0x00000000d5700000)
  object space 87552K, 0% used [0x0000000080400000,0x0000000080406000,0x0000000085980000)
 Metaspace       used 9590K, capacity 9768K, committed 10112K, reserved 1058816K
  class space    used 823K, capacity 858K, committed 896K, reserved 1048576K
Event: 2.285 GC heap after
Heap after GC invocations=3 (full 0):
 PSYoungGen      total 38400K, used 1616K [0x00000000d5700000, 0x00000000d8180000, 0x0000000100000000)
  eden space 33280K, 0% used [0x00000000d5700000,0x00000000d5700000,0x00000000d7780000)
  from space 5120K, 31% used [0x00000000d7780000,0x00000000d7914140,0x00000000d7c80000)
  to   space 5120K, 0% used [0x00000000d7c80000,0x00000000d7c80000,0x00000000d8180000)
 ParOldGen       total 87552K, used 24K [0x0000000080400000, 0x0000000085980000, 0x00000000d5700000)
  object space 87552K, 0% used [0x0000000080400000,0x0000000080406000,0x0000000085980000)
 Metaspace       used 9590K, capacity 9768K, committed 10112K, reserved 1058816K
  class space    used 823K, capacity 858K, committed 896K, reserved 1048576K
}
Event: 2.956 GC heap before
{Heap before GC invocations=4 (full 0):
 PSYoungGen      total 38400K, used 34896K [0x00000000d5700000, 0x00000000d8180000, 0x0000000100000000)
  eden space 33280K, 100% used [0x00000000d5700000,0x00000000d7780000,0x00000000d7780000)
  from space 5120K, 31% used [0x00000000d7780000,0x00000000d7914140,0x00000000d7c80000)
  to   space 5120K, 0% used [0x00000000d7c80000,0x00000000d7c80000,0x00000000d8180000)
 ParOldGen       total 87552K, used 24K [0x0000000080400000, 0x0000000085980000, 0x00000000d5700000)
  object space 87552K, 0% used [0x0000000080400000,0x0000000080406000,0x0000000085980000)
 Metaspace       used 9628K, capacity 9768K, committed 10112K, reserved 1058816K
  class space    used 826K, capacity 858K, committed 896K, reserved 1048576K
Event: 2.961 GC heap after
Heap after GC invocations=4 (full 0):
 PSYoungGen      total 38400K, used 2432K [0x00000000d5700000, 0x00000000d8180000, 0x0000000100000000)
  eden space 33280K, 0% used [0x00000000d5700000,0x00000000d5700000,0x00000000d7780000)
  from space 5120K, 47% used [0x00000000d7c80000,0x00000000d7ee0150,0x00000000d8180000)
  to   space 5120K, 0% used [0x00000000d7780000,0x00000000d7780000,0x00000000d7c80000)
 ParOldGen       total 87552K, used 32K [0x0000000080400000, 0x0000000085980000, 0x00000000d5700000)
  object space 87552K, 0% used [0x0000000080400000,0x0000000080408000,0x0000000085980000)
 Metaspace       used 9628K, capacity 9768K, committed 10112K, reserved 1058816K
  class space    used 826K, capacity 858K, committed 896K, reserved 1048576K
}
Event: 3.070 GC heap before
{Heap before GC invocations=5 (full 0):
 PSYoungGen      total 38400K, used 35712K [0x00000000d5700000, 0x00000000d8180000, 0x0000000100000000)
  eden space 33280K, 100% used [0x00000000d5700000,0x00000000d7780000,0x00000000d7780000)
  from space 5120K, 47% used [0x00000000d7c80000,0x00000000d7ee0150,0x00000000d8180000)
  to   space 5120K, 0% used [0x00000000d7780000,0x00000000d7780000,0x00000000d7c80000)
 ParOldGen       total 87552K, used 32K [0x0000000080400000, 0x0000000085980000, 0x00000000d5700000)
  object space 87552K, 0% used [0x0000000080400000,0x0000000080408000,0x0000000085980000)
 Metaspace       used 9635K, capacity 9768K, committed 10112K, reserved 1058816K
  class space    used 826K, capacity 858K, committed 896K, reserved 1048576K
Event: 3.102 GC heap after
Heap after GC invocations=5 (full 0):
 PSYoungGen      total 38400K, used 5093K [0x00000000d5700000, 0x00000000db300000, 0x0000000100000000)
  eden space 33280K, 0% used [0x00000000d5700000,0x00000000d5700000,0x00000000d7780000)
  from space 5120K, 99% used [0x00000000d7780000,0x00000000d7c79788,0x00000000d7c80000)
  to   space 13824K, 0% used [0x00000000da580000,0x00000000da580000,0x00000000db300000)
 ParOldGen       total 87552K, used 12207K [0x0000000080400000, 0x0000000085980000, 0x00000000d5700000)
  object space 87552K, 13% used [0x0000000080400000,0x0000000080febd10,0x0000000085980000)
 Metaspace       used 9635K, capacity 9768K, committed 10112K, reserved 1058816K
  class space    used 826K, capacity 858K, committed 896K, reserved 1048576K
}

Deoptimization events (2 events):
Event: 0.756 Thread 0x0000000001e5e800 Uncommon trap: reason=unreached action=reinterpret pc=0x0000000002317a74 method=java.util.HashMap.getNode(ILjava/lang/Object;)Ljava/util/HashMap$Node; @ 116
Event: 2.955 Thread 0x0000000001e5e800 Uncommon trap: reason=unreached action=reinterpret pc=0x0000000002375b90 method=sun.awt.image.ByteInterleavedRaster.getDataElements(IILjava/lang/Object;)Ljava/lang/Object; @ 43

Internal exceptions (10 events):
Event: 2.949 Thread 0x0000000001e5e800 Exception <a 'java/security/PrivilegedActionException'> (0x00000000d6e906a0) thrown at [D:\re\workspace\8-2-build-windows-amd64-cygwin\jdk8u25\1677\hotspot\src\share\vm\prims\jvm.cpp, line 1312]
Event: 2.955 Thread 0x0000000001e5e800 Implicit null exception at 0x0000000002375a7f to 0x0000000002375b75
Event: 3.191 Thread 0x0000000001e5e800 Exception <a 'java/security/PrivilegedActionException'> (0x00000000d66db4f0) thrown at [D:\re\workspace\8-2-build-windows-amd64-cygwin\jdk8u25\1677\hotspot\src\share\vm\prims\jvm.cpp, line 1312]
Event: 3.192 Thread 0x0000000001e5e800 Exception <a 'java/security/PrivilegedActionException'> (0x00000000d66df550) thrown at [D:\re\workspace\8-2-build-windows-amd64-cygwin\jdk8u25\1677\hotspot\src\share\vm\prims\jvm.cpp, line 1312]
Event: 3.192 Thread 0x0000000001e5e800 Exception <a 'java/security/PrivilegedActionException'> (0x00000000d66e4860) thrown at [D:\re\workspace\8-2-build-windows-amd64-cygwin\jdk8u25\1677\hotspot\src\share\vm\prims\jvm.cpp, line 1312]
Event: 3.192 Thread 0x0000000001e5e800 Exception <a 'java/security/PrivilegedActionException'> (0x00000000d66e95f0) thrown at [D:\re\workspace\8-2-build-windows-amd64-cygwin\jdk8u25\1677\hotspot\src\share\vm\prims\jvm.cpp, line 1312]
Event: 3.193 Thread 0x0000000001e5e800 Exception <a 'java/security/PrivilegedActionException'> (0x00000000d66ed228) thrown at [D:\re\workspace\8-2-build-windows-amd64-cygwin\jdk8u25\1677\hotspot\src\share\vm\prims\jvm.cpp, line 1312]
Event: 3.193 Thread 0x0000000001e5e800 Exception <a 'java/security/PrivilegedActionException'> (0x00000000d66efaa8) thrown at [D:\re\workspace\8-2-build-windows-amd64-cygwin\jdk8u25\1677\hotspot\src\share\vm\prims\jvm.cpp, line 1312]
Event: 3.258 Thread 0x0000000001e5e800 Exception <a 'java/security/PrivilegedActionException'> (0x00000000d6eb6c10) thrown at [D:\re\workspace\8-2-build-windows-amd64-cygwin\jdk8u25\1677\hotspot\src\share\vm\prims\jvm.cpp, line 1312]
Event: 3.261 Thread 0x0000000001e5e800 Exception <a 'java/security/PrivilegedActionException'> (0x00000000d6ec7fb8) thrown at [D:\re\workspace\8-2-build-windows-amd64-cygwin\jdk8u25\1677\hotspot\src\share\vm\prims\jvm.cpp, line 1312]

Events (10 events):
Event: 3.259 loading class java/text/NumberFormat$Field
Event: 3.259 loading class java/text/Format$Field
Event: 3.259 loading class java/text/AttributedCharacterIterator$Attribute
Event: 3.259 loading class java/text/AttributedCharacterIterator$Attribute done
Event: 3.259 loading class java/text/Format$Field done
Event: 3.259 loading class java/text/NumberFormat$Field done
Event: 3.259 loading class java/nio/DirectDoubleBufferU
Event: 3.259 loading class java/nio/DirectDoubleBufferU done
Event: 3.261 loading class com/theodore/aero/graphics/Graphics$1
Event: 3.261 loading class com/theodore/aero/graphics/Graphics$1 done


Dynamic libraries:
0x00007ff6d6a80000 - 0x00007ff6d6ab4000 	C:\Program Files\Java\jdk1.8.0_25\bin\java.exe
0x00007fffd4f80000 - 0x00007fffd512c000 	C:\Windows\SYSTEM32\ntdll.dll
0x00007fffd2a50000 - 0x00007fffd2b8a000 	C:\Windows\system32\KERNEL32.DLL
0x00007fffd2410000 - 0x00007fffd251f000 	C:\Windows\system32\KERNELBASE.dll
0x00007fffd0ed0000 - 0x00007fffd0f58000 	C:\Windows\system32\apphelp.dll
0x00007fffc5510000 - 0x00007fffc555f000 	C:\Windows\AppPatch\AppPatch64\AcGenral.DLL
0x00007fffd4ec0000 - 0x00007fffd4f67000 	C:\Windows\system32\msvcrt.dll
0x00007fffd20d0000 - 0x00007fffd20fb000 	C:\Windows\SYSTEM32\SspiCli.dll
0x00007fffd2800000 - 0x00007fffd2851000 	C:\Windows\system32\SHLWAPI.dll
0x00007fffd2bf0000 - 0x00007fffd2d61000 	C:\Windows\system32\USER32.dll
0x00007fffd3260000 - 0x00007fffd33d8000 	C:\Windows\system32\ole32.dll
0x00007fffd3740000 - 0x00007fffd4b4f000 	C:\Windows\system32\SHELL32.dll
0x00007fffd1a60000 - 0x00007fffd1a7e000 	C:\Windows\SYSTEM32\USERENV.dll
0x00007fffd2860000 - 0x00007fffd2905000 	C:\Windows\system32\ADVAPI32.dll
0x00007fffccb80000 - 0x00007fffccb9b000 	C:\Windows\SYSTEM32\MPR.dll
0x00007fffd35c0000 - 0x00007fffd36f7000 	C:\Windows\system32\RPCRT4.dll
0x00007fffd3060000 - 0x00007fffd30b7000 	C:\Windows\SYSTEM32\sechost.dll
0x00007fffd33e0000 - 0x00007fffd35b6000 	C:\Windows\SYSTEM32\combase.dll
0x00007fffd4b50000 - 0x00007fffd4c94000 	C:\Windows\system32\GDI32.dll
0x00007fffd22f0000 - 0x00007fffd2304000 	C:\Windows\SYSTEM32\profapi.dll
0x00007fffd08c0000 - 0x00007fffd095f000 	C:\Windows\SYSTEM32\SHCORE.dll
0x00007fffd3700000 - 0x00007fffd3734000 	C:\Windows\system32\IMM32.DLL
0x00007fffd2910000 - 0x00007fffd2a49000 	C:\Windows\system32\MSCTF.dll
0x00007fffd02e0000 - 0x00007fffd053a000 	C:\Windows\WinSxS\amd64_microsoft.windows.common-controls_6595b64144ccf1df_6.0.9600.17031_none_6242a4b3ecbb55a1\COMCTL32.dll
0x0000000054f80000 - 0x0000000055052000 	C:\Program Files\Java\jdk1.8.0_25\jre\bin\msvcr100.dll
0x0000000054720000 - 0x0000000054f7a000 	C:\Program Files\Java\jdk1.8.0_25\jre\bin\server\jvm.dll
0x00007fffcc9c0000 - 0x00007fffcc9c9000 	C:\Windows\SYSTEM32\WSOCK32.dll
0x00007fffcfbd0000 - 0x00007fffcfbef000 	C:\Windows\SYSTEM32\WINMM.dll
0x00007fffd4f70000 - 0x00007fffd4f77000 	C:\Windows\system32\PSAPI.DLL
0x00007fffd4d50000 - 0x00007fffd4da8000 	C:\Windows\system32\WS2_32.dll
0x00007fffcfb20000 - 0x00007fffcfb4a000 	C:\Windows\SYSTEM32\WINMMBASE.dll
0x00007fffd3040000 - 0x00007fffd3049000 	C:\Windows\system32\NSI.dll
0x00007fffd25d0000 - 0x00007fffd261a000 	C:\Windows\SYSTEM32\cfgmgr32.dll
0x00007fffd1120000 - 0x00007fffd1146000 	C:\Windows\SYSTEM32\DEVOBJ.dll
0x0000000054710000 - 0x000000005471f000 	C:\Program Files\Java\jdk1.8.0_25\jre\bin\verify.dll
0x00000000546e0000 - 0x0000000054708000 	C:\Program Files\Java\jdk1.8.0_25\jre\bin\java.dll
0x00000000546c0000 - 0x00000000546d6000 	C:\Program Files\Java\jdk1.8.0_25\jre\bin\zip.dll
0x00007fffcc990000 - 0x00007fffcc9a0000 	D:\Programs\IntelliJ IDEA Community Edition 14.0.2\bin\breakgen64.dll
0x00000000546a0000 - 0x00000000546ba000 	C:\Program Files\Java\jdk1.8.0_25\jre\bin\net.dll
0x00007fffd1af0000 - 0x00007fffd1b48000 	C:\Windows\system32\mswsock.dll
0x00007fffc51f0000 - 0x00007fffc5249000 	C:\Users\aerosol\Documents\Workspace\GitHub\AGE\native\windows\x64\lwjgl.dll
0x00007fffc43a0000 - 0x00007fffc44c1000 	C:\Windows\SYSTEM32\OPENGL32.dll
0x00007fffc5560000 - 0x00007fffc558c000 	C:\Windows\SYSTEM32\GLU32.dll
0x00007fffc20d0000 - 0x00007fffc21c4000 	C:\Windows\SYSTEM32\DDRAW.dll
0x00007fffc9990000 - 0x00007fffc9999000 	C:\Windows\SYSTEM32\DCIMAN32.dll
0x00007fffd0fa0000 - 0x00007fffd10c1000 	C:\Windows\system32\uxtheme.dll
0x00007fffd06f0000 - 0x00007fffd0710000 	C:\Windows\SYSTEM32\dwmapi.dll
0x0000000052790000 - 0x0000000054669000 	C:\Windows\SYSTEM32\nvoglv64.DLL
0x00007fffd2d70000 - 0x00007fffd2f44000 	C:\Windows\system32\SETUPAPI.dll
0x00007fffd0eb0000 - 0x00007fffd0ec1000 	C:\Windows\SYSTEM32\WTSAPI32.dll
0x00007fffcfbf0000 - 0x00007fffcfbfa000 	C:\Windows\SYSTEM32\VERSION.dll
0x00007fffd23c0000 - 0x00007fffd240c000 	C:\Windows\system32\WINTRUST.dll
0x00007fffd2620000 - 0x00007fffd27ff000 	C:\Windows\system32\CRYPT32.dll
0x00007fffd23a0000 - 0x00007fffd23b2000 	C:\Windows\system32\MSASN1.dll
0x00007fffd1570000 - 0x00007fffd15a0000 	C:\Windows\SYSTEM32\ntmarta.dll
0x00007fffd2290000 - 0x00007fffd22d5000 	C:\Windows\SYSTEM32\powrprof.dll
0x00007fffd2170000 - 0x00007fffd21c7000 	C:\Windows\SYSTEM32\WINSTA.dll
0x00007fffd1170000 - 0x00007fffd117a000 	C:\Windows\SYSTEM32\kernel.appcore.dll
0x00007fffd2160000 - 0x00007fffd216a000 	C:\Windows\SYSTEM32\CRYPTBASE.dll
0x00007fffd2100000 - 0x00007fffd2160000 	C:\Windows\SYSTEM32\bcryptPrimitives.dll
0x00000000525d0000 - 0x0000000052768000 	C:\Program Files\Java\jdk1.8.0_25\jre\bin\awt.dll
0x00007fffd2f50000 - 0x00007fffd3011000 	C:\Windows\system32\OLEAUT32.dll
0x00007fffcd0f0000 - 0x00007fffcd278000 	C:\Windows\SYSTEM32\dbghelp.dll

VM Arguments:
jvm_args: -Didea.launcher.port=7544 -Didea.launcher.bin.path=D:\Programs\IntelliJ IDEA Community Edition 14.0.2\bin -Dfile.encoding=UTF-8 
java_command: com.intellij.rt.execution.application.AppMain com.theodore.tests.Main
java_class_path (initial): C:\Program Files\Java\jdk1.8.0_25\jre\lib\charsets.jar;C:\Program Files\Java\jdk1.8.0_25\jre\lib\deploy.jar;C:\Program Files\Java\jdk1.8.0_25\jre\lib\javaws.jar;C:\Program Files\Java\jdk1.8.0_25\jre\lib\jce.jar;C:\Program Files\Java\jdk1.8.0_25\jre\lib\jfr.jar;C:\Program Files\Java\jdk1.8.0_25\jre\lib\jfxswt.jar;C:\Program Files\Java\jdk1.8.0_25\jre\lib\jsse.jar;C:\Program Files\Java\jdk1.8.0_25\jre\lib\management-agent.jar;C:\Program Files\Java\jdk1.8.0_25\jre\lib\plugin.jar;C:\Program Files\Java\jdk1.8.0_25\jre\lib\resources.jar;C:\Program Files\Java\jdk1.8.0_25\jre\lib\rt.jar;C:\Program Files\Java\jdk1.8.0_25\jre\lib\ext\access-bridge-64.jar;C:\Program Files\Java\jdk1.8.0_25\jre\lib\ext\cldrdata.jar;C:\Program Files\Java\jdk1.8.0_25\jre\lib\ext\dnsns.jar;C:\Program Files\Java\jdk1.8.0_25\jre\lib\ext\jaccess.jar;C:\Program Files\Java\jdk1.8.0_25\jre\lib\ext\jfxrt.jar;C:\Program Files\Java\jdk1.8.0_25\jre\lib\ext\localedata.jar;C:\Program Files\Java\jdk1.8.0_25\jre\lib\ext\nashorn.jar;C:\Program Files\Java\jdk1.8.0_25\jre\lib\ext\sunec.jar;C:\Program Files\Java\jdk1.8.0_25\jre\lib\ext\sunjce_provider.jar;C:\Program Files\Java\jdk1.8.0_25\jre\lib\ext\sunmscapi.jar;C:\Program Files\Java\jdk1.8.0_25\jre\lib\ext\sunpkcs11.jar;C:\Program Files\Java\jdk1.8.0_25\jre\lib\ext\zipfs.jar;C:\Users\aerosol\Documents\Workspace\GitHub\AGE\out\production\AGE;C:\Users\aerosol\Documents\Workspace\GitHub\AGE\jar\src.zip;C:\Users\aerosol\Documents\Workspace\GitHub\AGE\jar\lwjgl.jar;C:\Users\aerosol\Documents\Workspace\GitHub\AGE\jar\jbullet.jar;C:\Users\aerosol\Documents\Workspace\GitHub\AGE\jar\vecmath.jar;C:\Users\aerosol\Documents\Workspace\GitHub\AGE\jar\disruptor.jar;C:\Users\aerosol\Documents\Workspace\GitHub\AGE\jar\kryonet-2.21-all.jar;D:\Programs\IntelliJ IDEA Community Edition 14.0.2\lib\idea_rt.jar
Launcher Type: SUN_STANDARD

Environment Variables:
PATH=C:\ProgramData\Oracle\Java\javapath;C:\Program Files (x86)\NVIDIA Corporation\PhysX\Common;C:\Windows\system32;C:\Windows;C:\Windows\System32\Wbem;C:\Windows\System32\WindowsPowerShell\v1.0\;C:\Program Files (x86)\Windows Kits\8.1\Windows Performance Toolkit\;C:\Program Files\Microsoft SQL Server\110\Tools\Binn\;C:\Program Files (x86)\Microsoft SDKs\TypeScript\1.0\;C:\Program Files\Microsoft SQL Server\120\Tools\Binn\;D:\Programs\CMake\bin;C:\TDM-GCC-32\bin
USERNAME=aerosol
OS=Windows_NT
PROCESSOR_IDENTIFIER=AMD64 Family 21 Model 2 Stepping 0, AuthenticAMD



---------------  S Y S T E M  ---------------

OS: Windows 8.1 , 64 bit Build 9600 

CPU:total 6 (6 cores per cpu, 1 threads per core) family 21 model 2 stepping 0, cmov, cx8, fxsr, mmx, sse, sse2, sse3, ssse3, sse4.1, sse4.2, popcnt, avx, aes, clmul, mmxext, 3dnowpref, lzcnt, sse4a, tsc, tscinvbit, tscinv, bmi1

Memory: 4k page, physical 8369716k(4131976k free), swap 10529412k(4659412k free)

vm_info: Java HotSpot(TM) 64-Bit Server VM (25.25-b02) for windows-amd64 JRE (1.8.0_25-b18), built on Oct  7 2014 14:25:37 by "java_re" with MS VC++ 10.0 (VS2010)

time: Tue Feb 17 20:26:38 2015
elapsed time: 3 seconds (0d 0h 0m 3s)

